<?xml version="1.0" encoding="UTF-8"?>
<!-- Generated by org.testng.reporters.JUnitXMLReporter -->
<testsuite ignored="0" hostname="DESKTOP-39IFEA8" failures="0" tests="1" name="AngetTest" time="8.106" errors="0" timestamp="2022-05-14T18:37:50 IST">
  <testcase classname="org.AngelTestClasses.MainClass" name="@BeforeMethod OpenLoginPage" time="0.119">
    <failure type="java.lang.NoClassDefFoundError" message="org/apache/logging/log4j/LogManager">
      <![CDATA[java.lang.NoClassDefFoundError: org/apache/logging/log4j/LogManager
at org.apache.poi.util.IOUtils.<clinit>(IOUtils.java:43)
at org.apache.poi.poifs.filesystem.FileMagic.valueOf(FileMagic.java:209)
at org.apache.poi.ss.usermodel.WorkbookFactory.create(WorkbookFactory.java:222)
at org.apache.poi.ss.usermodel.WorkbookFactory.create(WorkbookFactory.java:185)
at org.AngelTestClasses.UtilityClass1.getData(UtilityClass1.java:29)
at org.AngelTestClasses.MainClass.OpenLoginPage(MainClass.java:29)
at java.base/java.util.ArrayList.forEach(ArrayList.java:1511)
Caused by: java.lang.ClassNotFoundException: org.apache.logging.log4j.LogManager
at java.base/jdk.internal.loader.BuiltinClassLoader.loadClass(BuiltinClassLoader.java:641)
at java.base/jdk.internal.loader.ClassLoaders$AppClassLoader.loadClass(ClassLoaders.java:188)
at java.base/java.lang.ClassLoader.loadClass(ClassLoader.java:520)
... 38 more
... Removed 31 stack frames]]>
    </failure>
  </testcase> <!-- @BeforeMethod OpenLoginPage -->
  <testcase classname="org.AngelTestClasses.MainClass" name="@AfterMethod resetproperty" time="0.0">
    <skipped/>
  </testcase> <!-- @AfterMethod resetproperty -->
  <testcase classname="org.AngelTestClasses.MainClass" name="Verify" time="0.0">
    <skipped/>
  </testcase> <!-- Verify -->
</testsuite> <!-- AngetTest -->
